  [1m[36mSQL (0.2ms)[0m  [1mCREATE EXTENSION IF NOT EXISTS "plpgsql"[0m
  [1m[35m (81.4ms)[0m  CREATE TABLE "pins" ("id" serial primary key, "title" character varying, "url" character varying, "text" text, "slug" character varying, "resource_type" character varying) 
  [1m[36m (56.5ms)[0m  [1mCREATE TABLE "schema_migrations" ("version" character varying NOT NULL) [0m
  [1m[35m (64.6ms)[0m  CREATE UNIQUE INDEX  "unique_schema_migrations" ON "schema_migrations"  ("version")
  [1m[36m (0.4ms)[0m  [1mSELECT version FROM "schema_migrations"[0m
  [1m[35m (10.1ms)[0m  INSERT INTO "schema_migrations" (version) VALUES ('20150320022457')
  [1m[36m (11.0ms)[0m  [1mINSERT INTO "schema_migrations" (version) VALUES ('20150318194553')[0m
  [1m[35mSQL (0.3ms)[0m  CREATE EXTENSION IF NOT EXISTS "plpgsql"
  [1m[36m (87.5ms)[0m  [1mCREATE TABLE "pins" ("id" serial primary key, "title" character varying, "url" character varying, "text" text, "slug" character varying, "resource_type" character varying) [0m
  [1m[35m (65.6ms)[0m  CREATE TABLE "schema_migrations" ("version" character varying NOT NULL) 
  [1m[36m (53.4ms)[0m  [1mCREATE UNIQUE INDEX  "unique_schema_migrations" ON "schema_migrations"  ("version")[0m
  [1m[35m (0.5ms)[0m  SELECT version FROM "schema_migrations"
  [1m[36m (10.1ms)[0m  [1mINSERT INTO "schema_migrations" (version) VALUES ('20150320022457')[0m
  [1m[35m (10.9ms)[0m  INSERT INTO "schema_migrations" (version) VALUES ('20150318194553')
  [1m[36mActiveRecord::SchemaMigration Load (0.3ms)[0m  [1mSELECT "schema_migrations".* FROM "schema_migrations"[0m
  [1m[35m (0.1ms)[0m  BEGIN
  [1m[36mPin Exists (0.5ms)[0m  [1mSELECT  1 AS one FROM "pins" WHERE "pins"."slug" = 'rails-tutorial' LIMIT 1[0m
  [1m[35mSQL (0.2ms)[0m  INSERT INTO "pins" ("title", "url", "text", "slug", "resource_type") VALUES ($1, $2, $3, $4, $5) RETURNING "id"  [["title", "Rails Tutorial"], ["url", "https://www.railstutorial.org/"], ["text", "The trusted standard in self-directed introductions to Ruby on Rails. A complete treatment of all the essentials\n    required in most production Rails applications."], ["slug", "rails-tutorial"], ["resource_type", "rails"]]
  [1m[36m (12.0ms)[0m  [1mCOMMIT[0m
  [1m[35m (0.1ms)[0m  BEGIN
  [1m[36mPin Exists (0.2ms)[0m  [1mSELECT  1 AS one FROM "pins" WHERE "pins"."slug" = 'rails-for-zombies' LIMIT 1[0m
  [1m[35mSQL (0.1ms)[0m  INSERT INTO "pins" ("title", "url", "text", "slug", "resource_type") VALUES ($1, $2, $3, $4, $5) RETURNING "id"  [["title", "Rails for Zombies"], ["url", "http://railsforzombies.org"], ["text", "A fun, gamified way to hone your Rails skills! Come on...who doesn't like fighting zombies?!"], ["slug", "rails-for-zombies"], ["resource_type", "rails"]]
  [1m[36m (8.6ms)[0m  [1mCOMMIT[0m
  [1m[35m (0.2ms)[0m  BEGIN
  [1m[36mPin Exists (0.3ms)[0m  [1mSELECT  1 AS one FROM "pins" WHERE "pins"."slug" = 'try-ruby' LIMIT 1[0m
  [1m[35mSQL (0.3ms)[0m  INSERT INTO "pins" ("title", "url", "text", "slug", "resource_type") VALUES ($1, $2, $3, $4, $5) RETURNING "id"  [["title", "Try Ruby"], ["url", "http://tryruby.org/"], ["text", "An interactive, in-browser tutorial for the Ruby programming language. A thorough walkthrough of \n    Ruby's nuances, geared toward beginners."], ["slug", "try-ruby"], ["resource_type", "ruby"]]
  [1m[36m (7.4ms)[0m  [1mCOMMIT[0m
  [1m[35m (0.2ms)[0m  BEGIN
  [1m[36mPin Exists (0.3ms)[0m  [1mSELECT  1 AS one FROM "pins" WHERE "pins"."slug" = 'ruby-quiz' LIMIT 1[0m
  [1m[35mSQL (0.3ms)[0m  INSERT INTO "pins" ("title", "url", "text", "slug", "resource_type") VALUES ($1, $2, $3, $4, $5) RETURNING "id"  [["title", "Ruby Quiz"], ["url", "http://rubyquiz.org"], ["text", "A collection of quizzes on the Ruby programming language."], ["slug", "ruby-quiz"], ["resource_type", "ruby"]]
  [1m[36m (7.9ms)[0m  [1mCOMMIT[0m
  [1m[35m (0.2ms)[0m  BEGIN
  [1m[36mPin Exists (0.3ms)[0m  [1mSELECT  1 AS one FROM "pins" WHERE "pins"."slug" = 'ga-ror-for-developers' LIMIT 1[0m
  [1m[35mSQL (0.3ms)[0m  INSERT INTO "pins" ("title", "url", "text", "slug", "resource_type") VALUES ($1, $2, $3, $4, $5) RETURNING "id"  [["title", "Ruby on Rails for Developers"], ["url", "https://github.com/generalassembly/ga-ruby-on-rails-for-devs"], ["text", "Somewhat advanced curriculum, but the exercises are also good for anyone who is motivated and \n    self-guided with experience."], ["slug", "ga-ror-for-developers"], ["resource_type", "rails"]]
  [1m[36m (7.8ms)[0m  [1mCOMMIT[0m
  [1m[35m (0.2ms)[0m  BEGIN
  [1m[36mPin Exists (0.3ms)[0m  [1mSELECT  1 AS one FROM "pins" WHERE "pins"."slug" = 'ruby-monk' LIMIT 1[0m
  [1m[35mSQL (0.3ms)[0m  INSERT INTO "pins" ("title", "url", "text", "slug", "resource_type") VALUES ($1, $2, $3, $4, $5) RETURNING "id"  [["title", "Ruby Monk"], ["url", "http://rubymonk.com"], ["text", "The Ruby Primer is a free interactive book that helps you learn Ruby. Discover Ruby idioms, learn \n    lessons and solve problems, all in your browser!"], ["slug", "ruby-monk"], ["resource_type", "ruby"]]
  [1m[36m (7.8ms)[0m  [1mCOMMIT[0m


Started GET "/" for 127.0.0.1 at 2015-09-03 00:17:05 -0400
  [1m[36mActiveRecord::SchemaMigration Load (0.3ms)[0m  [1mSELECT "schema_migrations".* FROM "schema_migrations"[0m
Processing by PinsController#index as HTML
  [1m[35mPin Load (0.4ms)[0m  SELECT "pins".* FROM "pins"
  Rendered pins/index.erb within layouts/application (7.3ms)
Completed 200 OK in 456ms (Views: 408.1ms | ActiveRecord: 2.3ms)


Started GET "/assets/cosmo-bootswatch-theme-450effffe2a267bc84c90be0448c1ea9.css?body=1" for 127.0.0.1 at 2015-09-03 00:17:06 -0400


Started GET "/assets/pins-489d9377617a7350b1bf04419a7945f1.css?body=1" for 127.0.0.1 at 2015-09-03 00:17:06 -0400


Started GET "/assets/application-b6f947b46c6010ba714e1c678f4793f3.css?body=1" for 127.0.0.1 at 2015-09-03 00:17:06 -0400


Started GET "/assets/jquery-87424c3c19e96d4fb033c10ebe21ec40.js?body=1" for 127.0.0.1 at 2015-09-03 00:17:06 -0400


Started GET "/assets/jquery_ujs-e27bd20a10d28155845a22d71ef94f2f.js?body=1" for 127.0.0.1 at 2015-09-03 00:17:06 -0400


Started GET "/assets/turbolinks-f87b3583ca50adb0488b031297f5580d.js?body=1" for 127.0.0.1 at 2015-09-03 00:17:06 -0400


Started GET "/assets/application-bc105cf26f847567b5eae624a793b626.js?body=1" for 127.0.0.1 at 2015-09-03 00:17:06 -0400


Started GET "/pins/1" for 127.0.0.1 at 2015-09-03 00:17:19 -0400
Processing by PinsController#show as HTML
  Parameters: {"id"=>"1"}
  [1m[36mPin Load (0.2ms)[0m  [1mSELECT  "pins".* FROM "pins" WHERE "pins"."id" = $1 LIMIT 1[0m  [["id", 1]]
  Rendered pins/show.erb within layouts/application (9.9ms)
Completed 500 Internal Server Error in 18ms

ActionView::Template::Error (undefined local variable or method `pin' for #<#<Class:0x000000044d0838>:0x00000003c3d888>):
    10:   <hr/>
    11:   <p>
    12:     <b>Visit <%= "#{@pin.title}" %> at: </b>
    13:     <a class="url" href="<%= "#{pin.url}" %>" target="_blank">
    14:       <%= "#{pin.url}" %>
    15:     </a>
    16:   </p>
  app/views/pins/show.erb:13:in `_app_views_pins_show_erb__3334594597083003036_31554780'


  Rendered /home/balexander/.rvm/gems/ruby-2.2.1/gems/actionpack-4.2.0/lib/action_dispatch/middleware/templates/rescues/_source.erb (4.6ms)
  Rendered /home/balexander/.rvm/gems/ruby-2.2.1/gems/actionpack-4.2.0/lib/action_dispatch/middleware/templates/rescues/_trace.html.erb (1.8ms)
  Rendered /home/balexander/.rvm/gems/ruby-2.2.1/gems/actionpack-4.2.0/lib/action_dispatch/middleware/templates/rescues/_request_and_response.html.erb (0.9ms)
  Rendered /home/balexander/.rvm/gems/ruby-2.2.1/gems/actionpack-4.2.0/lib/action_dispatch/middleware/templates/rescues/template_error.html.erb within rescues/layout (18.5ms)
  Rendered /home/balexander/.rvm/gems/ruby-2.2.1/gems/web-console-2.1.2/lib/web_console/templates/_markup.html.erb (0.3ms)
  Rendered /home/balexander/.rvm/gems/ruby-2.2.1/gems/web-console-2.1.2/lib/web_console/templates/style.css.erb within layouts/inlined_string (0.2ms)
  Rendered /home/balexander/.rvm/gems/ruby-2.2.1/gems/web-console-2.1.2/lib/web_console/templates/_inner_console_markup.html.erb within layouts/inlined_string (0.3ms)
  Rendered /home/balexander/.rvm/gems/ruby-2.2.1/gems/web-console-2.1.2/lib/web_console/templates/_prompt_box_markup.html.erb within layouts/inlined_string (0.2ms)
  Rendered /home/balexander/.rvm/gems/ruby-2.2.1/gems/web-console-2.1.2/lib/web_console/templates/console.js.erb within layouts/javascript (13.9ms)
  Rendered /home/balexander/.rvm/gems/ruby-2.2.1/gems/web-console-2.1.2/lib/web_console/templates/main.js.erb within layouts/javascript (0.3ms)
  Rendered /home/balexander/.rvm/gems/ruby-2.2.1/gems/web-console-2.1.2/lib/web_console/templates/error_page.js.erb within layouts/javascript (0.3ms)
  Rendered /home/balexander/.rvm/gems/ruby-2.2.1/gems/web-console-2.1.2/lib/web_console/templates/index.html.erb (28.8ms)


Started GET "/pins/1" for 127.0.0.1 at 2015-09-03 00:17:19 -0400
Processing by PinsController#show as HTML
  Parameters: {"id"=>"1"}
  [1m[35mPin Load (0.2ms)[0m  SELECT  "pins".* FROM "pins" WHERE "pins"."id" = $1 LIMIT 1  [["id", 1]]
  Rendered pins/show.erb within layouts/application (8.7ms)
Completed 500 Internal Server Error in 11ms

ActionView::Template::Error (undefined local variable or method `pin' for #<#<Class:0x000000044d0838>:0x000000045ef4d0>):
    10:   <hr/>
    11:   <p>
    12:     <b>Visit <%= "#{@pin.title}" %> at: </b>
    13:     <a class="url" href="<%= "#{pin.url}" %>" target="_blank">
    14:       <%= "#{pin.url}" %>
    15:     </a>
    16:   </p>
  app/views/pins/show.erb:13:in `_app_views_pins_show_erb__3334594597083003036_36660380'


  Rendered /home/balexander/.rvm/gems/ruby-2.2.1/gems/actionpack-4.2.0/lib/action_dispatch/middleware/templates/rescues/_source.erb (4.6ms)
  Rendered /home/balexander/.rvm/gems/ruby-2.2.1/gems/actionpack-4.2.0/lib/action_dispatch/middleware/templates/rescues/_trace.html.erb (1.9ms)
  Rendered /home/balexander/.rvm/gems/ruby-2.2.1/gems/actionpack-4.2.0/lib/action_dispatch/middleware/templates/rescues/_request_and_response.html.erb (0.6ms)
  Rendered /home/balexander/.rvm/gems/ruby-2.2.1/gems/actionpack-4.2.0/lib/action_dispatch/middleware/templates/rescues/template_error.html.erb within rescues/layout (17.6ms)
  Rendered /home/balexander/.rvm/gems/ruby-2.2.1/gems/web-console-2.1.2/lib/web_console/templates/_markup.html.erb (0.2ms)
  Rendered /home/balexander/.rvm/gems/ruby-2.2.1/gems/web-console-2.1.2/lib/web_console/templates/style.css.erb within layouts/inlined_string (0.3ms)
  Rendered /home/balexander/.rvm/gems/ruby-2.2.1/gems/web-console-2.1.2/lib/web_console/templates/_inner_console_markup.html.erb within layouts/inlined_string (0.3ms)
  Rendered /home/balexander/.rvm/gems/ruby-2.2.1/gems/web-console-2.1.2/lib/web_console/templates/_prompt_box_markup.html.erb within layouts/inlined_string (0.3ms)
  Rendered /home/balexander/.rvm/gems/ruby-2.2.1/gems/web-console-2.1.2/lib/web_console/templates/console.js.erb within layouts/javascript (13.3ms)
  Rendered /home/balexander/.rvm/gems/ruby-2.2.1/gems/web-console-2.1.2/lib/web_console/templates/main.js.erb within layouts/javascript (0.3ms)
  Rendered /home/balexander/.rvm/gems/ruby-2.2.1/gems/web-console-2.1.2/lib/web_console/templates/error_page.js.erb within layouts/javascript (0.4ms)
  Rendered /home/balexander/.rvm/gems/ruby-2.2.1/gems/web-console-2.1.2/lib/web_console/templates/index.html.erb (26.4ms)


Started GET "/pins/1" for 127.0.0.1 at 2015-09-03 00:22:05 -0400
Processing by PinsController#show as HTML
  Parameters: {"id"=>"1"}
  [1m[36mPin Load (0.3ms)[0m  [1mSELECT  "pins".* FROM "pins" WHERE "pins"."id" = $1 LIMIT 1[0m  [["id", 1]]
  Rendered pins/show.erb within layouts/application (8.6ms)
Completed 500 Internal Server Error in 11ms

ActionView::Template::Error (undefined local variable or method `pin' for #<#<Class:0x000000044d0838>:0x000000029572c8>):
    10:   <hr/>
    11:   <p>
    12:     <b>Visit <%= "#{@pin.title}" %> at: </b>
    13:     <a class="url" href="<%= "#{pin.url}" %>" target="_blank">
    14:       <%= "#{pin.url}" %>
    15:     </a>
    16:   </p>
  app/views/pins/show.erb:13:in `_app_views_pins_show_erb__3334594597083003036_31554780'


  Rendered /home/balexander/.rvm/gems/ruby-2.2.1/gems/actionpack-4.2.0/lib/action_dispatch/middleware/templates/rescues/_source.erb (4.2ms)
  Rendered /home/balexander/.rvm/gems/ruby-2.2.1/gems/actionpack-4.2.0/lib/action_dispatch/middleware/templates/rescues/_trace.html.erb (1.7ms)
  Rendered /home/balexander/.rvm/gems/ruby-2.2.1/gems/actionpack-4.2.0/lib/action_dispatch/middleware/templates/rescues/_request_and_response.html.erb (0.6ms)
  Rendered /home/balexander/.rvm/gems/ruby-2.2.1/gems/actionpack-4.2.0/lib/action_dispatch/middleware/templates/rescues/template_error.html.erb within rescues/layout (16.8ms)
  Rendered /home/balexander/.rvm/gems/ruby-2.2.1/gems/web-console-2.1.2/lib/web_console/templates/_markup.html.erb (0.2ms)
  Rendered /home/balexander/.rvm/gems/ruby-2.2.1/gems/web-console-2.1.2/lib/web_console/templates/style.css.erb within layouts/inlined_string (0.2ms)
  Rendered /home/balexander/.rvm/gems/ruby-2.2.1/gems/web-console-2.1.2/lib/web_console/templates/_inner_console_markup.html.erb within layouts/inlined_string (0.2ms)
  Rendered /home/balexander/.rvm/gems/ruby-2.2.1/gems/web-console-2.1.2/lib/web_console/templates/_prompt_box_markup.html.erb within layouts/inlined_string (0.2ms)
  Rendered /home/balexander/.rvm/gems/ruby-2.2.1/gems/web-console-2.1.2/lib/web_console/templates/console.js.erb within layouts/javascript (11.9ms)
  Rendered /home/balexander/.rvm/gems/ruby-2.2.1/gems/web-console-2.1.2/lib/web_console/templates/main.js.erb within layouts/javascript (0.2ms)
  Rendered /home/balexander/.rvm/gems/ruby-2.2.1/gems/web-console-2.1.2/lib/web_console/templates/error_page.js.erb within layouts/javascript (0.2ms)
  Rendered /home/balexander/.rvm/gems/ruby-2.2.1/gems/web-console-2.1.2/lib/web_console/templates/index.html.erb (23.6ms)


Started GET "/pins/1" for 127.0.0.1 at 2015-09-03 00:22:06 -0400
Processing by PinsController#show as HTML
  Parameters: {"id"=>"1"}
  [1m[35mPin Load (0.2ms)[0m  SELECT  "pins".* FROM "pins" WHERE "pins"."id" = $1 LIMIT 1  [["id", 1]]
  Rendered pins/show.erb within layouts/application (6.9ms)
Completed 500 Internal Server Error in 9ms

ActionView::Template::Error (undefined local variable or method `pin' for #<#<Class:0x000000044d0838>:0x007fd7209e4ea0>):
    10:   <hr/>
    11:   <p>
    12:     <b>Visit <%= "#{@pin.title}" %> at: </b>
    13:     <a class="url" href="<%= "#{pin.url}" %>" target="_blank">
    14:       <%= "#{pin.url}" %>
    15:     </a>
    16:   </p>
  app/views/pins/show.erb:13:in `_app_views_pins_show_erb__3334594597083003036_36660380'


  Rendered /home/balexander/.rvm/gems/ruby-2.2.1/gems/actionpack-4.2.0/lib/action_dispatch/middleware/templates/rescues/_source.erb (4.4ms)
  Rendered /home/balexander/.rvm/gems/ruby-2.2.1/gems/actionpack-4.2.0/lib/action_dispatch/middleware/templates/rescues/_trace.html.erb (1.7ms)
  Rendered /home/balexander/.rvm/gems/ruby-2.2.1/gems/actionpack-4.2.0/lib/action_dispatch/middleware/templates/rescues/_request_and_response.html.erb (0.6ms)
  Rendered /home/balexander/.rvm/gems/ruby-2.2.1/gems/actionpack-4.2.0/lib/action_dispatch/middleware/templates/rescues/template_error.html.erb within rescues/layout (17.1ms)
  Rendered /home/balexander/.rvm/gems/ruby-2.2.1/gems/web-console-2.1.2/lib/web_console/templates/_markup.html.erb (0.2ms)
  Rendered /home/balexander/.rvm/gems/ruby-2.2.1/gems/web-console-2.1.2/lib/web_console/templates/style.css.erb within layouts/inlined_string (0.2ms)
  Rendered /home/balexander/.rvm/gems/ruby-2.2.1/gems/web-console-2.1.2/lib/web_console/templates/_inner_console_markup.html.erb within layouts/inlined_string (0.2ms)
  Rendered /home/balexander/.rvm/gems/ruby-2.2.1/gems/web-console-2.1.2/lib/web_console/templates/_prompt_box_markup.html.erb within layouts/inlined_string (0.3ms)
  Rendered /home/balexander/.rvm/gems/ruby-2.2.1/gems/web-console-2.1.2/lib/web_console/templates/console.js.erb within layouts/javascript (12.8ms)
  Rendered /home/balexander/.rvm/gems/ruby-2.2.1/gems/web-console-2.1.2/lib/web_console/templates/main.js.erb within layouts/javascript (0.2ms)
  Rendered /home/balexander/.rvm/gems/ruby-2.2.1/gems/web-console-2.1.2/lib/web_console/templates/error_page.js.erb within layouts/javascript (0.3ms)
  Rendered /home/balexander/.rvm/gems/ruby-2.2.1/gems/web-console-2.1.2/lib/web_console/templates/index.html.erb (24.8ms)


Started GET "/pins/1" for 127.0.0.1 at 2015-09-03 00:25:12 -0400
  [1m[36mActiveRecord::SchemaMigration Load (0.3ms)[0m  [1mSELECT "schema_migrations".* FROM "schema_migrations"[0m
Processing by PinsController#show as HTML
  Parameters: {"id"=>"1"}
  [1m[35mPin Load (0.3ms)[0m  SELECT  "pins".* FROM "pins" WHERE "pins"."id" = $1 LIMIT 1  [["id", 1]]
  Rendered pins/show.erb within layouts/application (1.1ms)
Completed 200 OK in 66ms (Views: 45.2ms | ActiveRecord: 2.9ms)


Started GET "/" for 127.0.0.1 at 2015-09-03 00:26:19 -0400
Processing by PinsController#index as HTML
  [1m[36mPin Load (0.3ms)[0m  [1mSELECT "pins".* FROM "pins"[0m
  Rendered pins/index.erb within layouts/application (1.8ms)
Completed 200 OK in 30ms (Views: 29.4ms | ActiveRecord: 0.3ms)


Started GET "/pins/2" for 127.0.0.1 at 2015-09-03 00:26:21 -0400
Processing by PinsController#show as HTML
  Parameters: {"id"=>"2"}
  [1m[35mPin Load (0.3ms)[0m  SELECT  "pins".* FROM "pins" WHERE "pins"."id" = $1 LIMIT 1  [["id", 2]]
  Rendered pins/show.erb within layouts/application (0.4ms)
Completed 200 OK in 24ms (Views: 23.1ms | ActiveRecord: 0.3ms)


Started GET "/" for 127.0.0.1 at 2015-09-03 00:26:22 -0400
Processing by PinsController#index as HTML
  [1m[36mPin Load (0.3ms)[0m  [1mSELECT "pins".* FROM "pins"[0m
  Rendered pins/index.erb within layouts/application (1.1ms)
Completed 200 OK in 29ms (Views: 28.5ms | ActiveRecord: 0.3ms)


Started GET "/pins/3" for 127.0.0.1 at 2015-09-03 00:26:27 -0400
Processing by PinsController#show as HTML
  Parameters: {"id"=>"3"}
  [1m[35mPin Load (0.4ms)[0m  SELECT  "pins".* FROM "pins" WHERE "pins"."id" = $1 LIMIT 1  [["id", 3]]
  Rendered pins/show.erb within layouts/application (0.1ms)
Completed 200 OK in 24ms (Views: 22.6ms | ActiveRecord: 0.4ms)
